[debug] [2024-05-01T11:32:52.193Z] ----------------------------------------------------------------------
[debug] [2024-05-01T11:32:52.196Z] Command:       C:\Program Files\nodejs\node.exe C:\Users\mdfaj\AppData\Roaming\npm\node_modules\firebase-tools\lib\bin\firebase.js init
[debug] [2024-05-01T11:32:52.196Z] CLI Version:   13.4.0
[debug] [2024-05-01T11:32:52.197Z] Platform:      win32
[debug] [2024-05-01T11:32:52.197Z] Node Version:  v20.9.0
[debug] [2024-05-01T11:32:52.197Z] Time:          Wed May 01 2024 17:32:52 GMT+0600 (Bangladesh Standard Time)
[debug] [2024-05-01T11:32:52.197Z] ----------------------------------------------------------------------
[debug] 
[debug] [2024-05-01T11:32:52.271Z] > command requires scopes: ["email","openid","https://www.googleapis.com/auth/cloudplatformprojects.readonly","https://www.googleapis.com/auth/firebase","https://www.googleapis.com/auth/cloud-platform"]
[debug] [2024-05-01T11:32:52.271Z] > authorizing via signed-in user (mdfajlerabby00@gmail.com)
[info] 
     ######## #### ########  ######## ########     ###     ######  ########
     ##        ##  ##     ## ##       ##     ##  ##   ##  ##       ##
     ######    ##  ########  ######   ########  #########  ######  ######
     ##        ##  ##    ##  ##       ##     ## ##     ##       ## ##
     ##       #### ##     ## ######## ########  ##     ##  ######  ########

You're about to initialize a Firebase project in this directory:

  C:\0.Programming-Hero\Practice\00. ASSIGNMENT\Shreyu_react_v1.1\shreyu_react

Before we get started, keep in mind:

  * You are currently outside your home directory
  * You are initializing within an existing Firebase project directory

[info] 
=== Account Setup
[info] 
[info] Which account do you want to use for this project? Choose an account or add a new one now
[info] 
[debug] [2024-05-01T11:33:44.995Z] setProjectAccount(C:\0.Programming-Hero\Practice\00. ASSIGNMENT\Shreyu_react_v1.1\shreyu_react, mdfajlerabby00@gmail.com)
[info] 
[info] +  Using account: mdfajlerabby00@gmail.com 
[info] 
=== Project Setup
[info] 
[info] First, let's associate this project directory with a Firebase project.
[info] You can create multiple project aliases by running firebase use --add, 
[info] but for now we'll just set up a default project.
[info] 
[debug] [2024-05-01T11:33:45.017Z] Using project from CLI flag: shreyo-970a2
[debug] [2024-05-01T11:33:45.020Z] > refreshing access token with scopes: []
[debug] [2024-05-01T11:33:45.023Z] >>> [apiv2][query] POST https://www.googleapis.com/oauth2/v3/token [none]
[debug] [2024-05-01T11:33:45.023Z] >>> [apiv2][body] POST https://www.googleapis.com/oauth2/v3/token [omitted]
[debug] [2024-05-01T11:33:45.503Z] <<< [apiv2][status] POST https://www.googleapis.com/oauth2/v3/token 200
[debug] [2024-05-01T11:33:45.504Z] <<< [apiv2][body] POST https://www.googleapis.com/oauth2/v3/token [omitted]
[debug] [2024-05-01T11:33:45.522Z] >>> [apiv2][query] GET https://firebase.googleapis.com/v1beta1/projects/shreyo-970a2 [none]
[debug] [2024-05-01T11:33:46.204Z] <<< [apiv2][status] GET https://firebase.googleapis.com/v1beta1/projects/shreyo-970a2 200
[debug] [2024-05-01T11:33:46.205Z] <<< [apiv2][body] GET https://firebase.googleapis.com/v1beta1/projects/shreyo-970a2 {"projectId":"shreyo-970a2","projectNumber":"271069534137","displayName":"shreyo","name":"projects/shreyo-970a2","resources":{"hostingSite":"shreyo-970a2"},"state":"ACTIVE","etag":"1_c75b79f2-5aea-462b-9b84-e2f1732f4231"}
[info] i  Using project shreyo-970a2 (shreyo) 
[info] 
=== Hosting Setup
[debug] [2024-05-01T11:33:46.225Z] >>> [apiv2][query] GET https://firebase.googleapis.com/v1beta1/projects/shreyo-970a2 [none]
[debug] [2024-05-01T11:33:46.647Z] <<< [apiv2][status] GET https://firebase.googleapis.com/v1beta1/projects/shreyo-970a2 200
[debug] [2024-05-01T11:33:46.647Z] <<< [apiv2][body] GET https://firebase.googleapis.com/v1beta1/projects/shreyo-970a2 {"projectId":"shreyo-970a2","projectNumber":"271069534137","displayName":"shreyo","name":"projects/shreyo-970a2","resources":{"hostingSite":"shreyo-970a2"},"state":"ACTIVE","etag":"1_c75b79f2-5aea-462b-9b84-e2f1732f4231"}
[info] 
[info] Your public directory is the folder (relative to your project directory) that
[info] will contain Hosting assets to be uploaded with firebase deploy. If you
[info] have a build process for your assets, use your build's output directory.
[info] 
[debug] [2024-05-01T11:33:55.930Z] >>> [apiv2][query] GET https://www.gstatic.com/firebasejs/releases.json [none]
[debug] [2024-05-01T11:33:56.195Z] <<< [apiv2][status] GET https://www.gstatic.com/firebasejs/releases.json 200
[debug] [2024-05-01T11:33:56.195Z] <<< [apiv2][body] GET https://www.gstatic.com/firebasejs/releases.json {"current":{"version":"10.11.1","browserURL":"https://www.gstatic.com/firebasejs/10.11.1/firebase.js","packageURL":"https://www.gstatic.com/firebasejs/10.11.1/firebase.tgz"},"live":{"version":"10.11","browserURL":"https://www.gstatic.com/firebasejs/live/10.11/firebase.js","packageURL":"https://www.gstatic.com/firebasejs/live/10.11/firebase.tgz"},"components":{"analytics":"https://www.gstatic.com/firebasejs/10.11.1/firebase-analytics.js","app":"https://www.gstatic.com/firebasejs/10.11.1/firebase-app.js","app-check":"https://www.gstatic.com/firebasejs/10.11.1/firebase-app-check.js","auth":"https://www.gstatic.com/firebasejs/10.11.1/firebase-auth.js","auth/cordova":"https://www.gstatic.com/firebasejs/10.11.1/firebase-auth/cordova.js","auth/web-extension":"https://www.gstatic.com/firebasejs/10.11.1/firebase-auth/web-extension.js","functions":"https://www.gstatic.com/firebasejs/10.11.1/firebase-functions.js","firestore":"https://www.gstatic.com/firebasejs/10.11.1/firebase-firestore.js","firestore/lite":"https://www.gstatic.com/firebasejs/10.11.1/firebase-firestore/lite.js","installations":"https://www.gstatic.com/firebasejs/10.11.1/firebase-installations.js","storage":"https://www.gstatic.com/firebasejs/10.11.1/firebase-storage.js","performance":"https://www.gstatic.com/firebasejs/10.11.1/firebase-performance.js","remote-config":"https://www.gstatic.com/firebasejs/10.11.1/firebase-remote-config.js","messaging":"https://www.gstatic.com/firebasejs/10.11.1/firebase-messaging.js","messaging/sw":"https://www.gstatic.com/firebasejs/10.11.1/firebase-messaging/sw.js","database":"https://www.gstatic.com/firebasejs/10.11.1/firebase-database.js","firestore.memory":"https://www.gstatic.com/firebasejs/10.11.1/firebase-firestore.memory.js"}}
